  md5.cpp
C:\Users\Yongming Fan\Desktop\artifact\crypto_function\md5\source\md5.cpp(234,32): warning C4267: 'argument': conversion from 'size_t' to 'uint32_t', possible loss of data
C:\Users\Yongming Fan\Desktop\artifact\crypto_function\md5\source\md5.cpp(233): message : while compiling class template member function 'ConstexprHashes::md5_type ConstexprHashes::md5_step<0,0>::do_step(const char *,uint32_t,uint32_t,uint32_t,uint32_t)'
C:\Users\Yongming Fan\Desktop\artifact\crypto_function\md5\source\md5.cpp(240): message : see reference to function template instantiation 'ConstexprHashes::md5_type ConstexprHashes::md5_step<0,0>::do_step(const char *,uint32_t,uint32_t,uint32_t,uint32_t)' being compiled
C:\Users\Yongming Fan\Desktop\artifact\crypto_function\md5\source\md5.cpp(240): message : see reference to class template instantiation 'ConstexprHashes::md5_step<0,0>' being compiled
C:\Users\Yongming Fan\Desktop\artifact\crypto_function\md5\source\md5.cpp(227,32): warning C4267: 'argument': conversion from 'size_t' to 'uint32_t', possible loss of data
C:\Users\Yongming Fan\Desktop\artifact\crypto_function\md5\source\md5.cpp(226): message : while compiling class template member function 'ConstexprHashes::md5_type ConstexprHashes::md5_step<1,1>::do_step(const char *,uint32_t,uint32_t,uint32_t,uint32_t)'
C:\Users\Yongming Fan\Desktop\artifact\crypto_function\md5\source\md5.cpp(234): message : see reference to function template instantiation 'ConstexprHashes::md5_type ConstexprHashes::md5_step<1,1>::do_step(const char *,uint32_t,uint32_t,uint32_t,uint32_t)' being compiled
C:\Users\Yongming Fan\Desktop\artifact\crypto_function\md5\source\md5.cpp(234): message : see reference to class template instantiation 'ConstexprHashes::md5_step<1,1>' being compiled
C:\Users\Yongming Fan\Desktop\artifact\crypto_function\md5\source\md5.cpp(233): message : while compiling class template member function 'ConstexprHashes::md5_type ConstexprHashes::md5_step<0,0>::do_step(const char *,uint32_t,uint32_t,uint32_t,uint32_t)'
C:\Users\Yongming Fan\Desktop\artifact\crypto_function\md5\source\md5.cpp(240): message : see reference to function template instantiation 'ConstexprHashes::md5_type ConstexprHashes::md5_step<0,0>::do_step(const char *,uint32_t,uint32_t,uint32_t,uint32_t)' being compiled
C:\Users\Yongming Fan\Desktop\artifact\crypto_function\md5\source\md5.cpp(220,32): warning C4267: 'argument': conversion from 'size_t' to 'uint32_t', possible loss of data
C:\Users\Yongming Fan\Desktop\artifact\crypto_function\md5\source\md5.cpp(219): message : while compiling class template member function 'ConstexprHashes::md5_type ConstexprHashes::md5_step<2,2>::do_step(const char *,uint32_t,uint32_t,uint32_t,uint32_t)'
C:\Users\Yongming Fan\Desktop\artifact\crypto_function\md5\source\md5.cpp(227): message : see reference to function template instantiation 'ConstexprHashes::md5_type ConstexprHashes::md5_step<2,2>::do_step(const char *,uint32_t,uint32_t,uint32_t,uint32_t)' being compiled
C:\Users\Yongming Fan\Desktop\artifact\crypto_function\md5\source\md5.cpp(227): message : see reference to class template instantiation 'ConstexprHashes::md5_step<2,2>' being compiled
C:\Users\Yongming Fan\Desktop\artifact\crypto_function\md5\source\md5.cpp(226): message : while compiling class template member function 'ConstexprHashes::md5_type ConstexprHashes::md5_step<1,1>::do_step(const char *,uint32_t,uint32_t,uint32_t,uint32_t)'
C:\Users\Yongming Fan\Desktop\artifact\crypto_function\md5\source\md5.cpp(234): message : see reference to function template instantiation 'ConstexprHashes::md5_type ConstexprHashes::md5_step<1,1>::do_step(const char *,uint32_t,uint32_t,uint32_t,uint32_t)' being compiled
C:\Users\Yongming Fan\Desktop\artifact\crypto_function\md5\source\md5.cpp(213,32): warning C4267: 'argument': conversion from 'size_t' to 'uint32_t', possible loss of data
C:\Users\Yongming Fan\Desktop\artifact\crypto_function\md5\source\md5.cpp(212): message : while compiling class template member function 'ConstexprHashes::md5_type ConstexprHashes::md5_step<3,3>::do_step(const char *,uint32_t,uint32_t,uint32_t,uint32_t)'
C:\Users\Yongming Fan\Desktop\artifact\crypto_function\md5\source\md5.cpp(220): message : see reference to function template instantiation 'ConstexprHashes::md5_type ConstexprHashes::md5_step<3,3>::do_step(const char *,uint32_t,uint32_t,uint32_t,uint32_t)' being compiled
C:\Users\Yongming Fan\Desktop\artifact\crypto_function\md5\source\md5.cpp(220): message : see reference to class template instantiation 'ConstexprHashes::md5_step<3,3>' being compiled
C:\Users\Yongming Fan\Desktop\artifact\crypto_function\md5\source\md5.cpp(219): message : while compiling class template member function 'ConstexprHashes::md5_type ConstexprHashes::md5_step<2,2>::do_step(const char *,uint32_t,uint32_t,uint32_t,uint32_t)'
C:\Users\Yongming Fan\Desktop\artifact\crypto_function\md5\source\md5.cpp(227): message : see reference to function template instantiation 'ConstexprHashes::md5_type ConstexprHashes::md5_step<2,2>::do_step(const char *,uint32_t,uint32_t,uint32_t,uint32_t)' being compiled
C:\Users\Yongming Fan\Desktop\artifact\crypto_function\md5\source\md5.cpp(126,16): warning C4309: 'return': truncation of constant value
C:\Users\Yongming Fan\Desktop\artifact\crypto_function\md5\source\md5.cpp(125): message : while compiling class template member function 'char ConstexprHashes::buffer_builder<11,11>::make_value(const char *)'
C:\Users\Yongming Fan\Desktop\artifact\crypto_function\md5\source\md5.cpp(155): message : see reference to function template instantiation 'char ConstexprHashes::buffer_builder<11,11>::make_value(const char *)' being compiled
C:\Users\Yongming Fan\Desktop\artifact\crypto_function\md5\source\md5.cpp(154): message : see reference to class template instantiation 'ConstexprHashes::buffer_builder<11,11>' being compiled
C:\Users\Yongming Fan\Desktop\artifact\crypto_function\md5\source\md5.cpp(161): message : see reference to function template instantiation 'ConstexprHashes::buffer_type ConstexprHashes::make_buffer_helper<12,0,1,2,3,4,5,6,7,8,9,10,11,12,13,14,15,16,17,18,19,20,21,22,23,24,25,26,27,28,29,30,31,32,33,34,35,36,37,38,39,40,41,42,43,44,45,46,47,48,49,50,51,52,53,54,55,56,57,58,59,60,61,62,63>(const char (&)[12],ConstexprHashes::index_tuple<0,1,2,3,4,5,6,7,8,9,10,11,12,13,14,15,16,17,18,19,20,21,22,23,24,25,26,27,28,29,30,31,32,33,34,35,36,37,38,39,40,41,42,43,44,45,46,47,48,49,50,51,52,53,54,55,56,57,58,59,60,61,62,63>)' being compiled
C:\Users\Yongming Fan\Desktop\artifact\crypto_function\md5\source\md5.cpp(239): message : see reference to function template instantiation 'ConstexprHashes::buffer_type ConstexprHashes::make_buffer<12>(const char (&)[12])' being compiled
C:\Users\Yongming Fan\Desktop\artifact\crypto_function\md5\source\md5.cpp(253): message : see reference to function template instantiation 'ConstexprHashes::md5_type ConstexprHashes::md5<12>(const char (&)[12])' being compiled
  LINK : C:\Users\Yongming Fan\Desktop\artifact\crypto_function\md5\md5_msvc\x64\Debug\md5_msvc.exe not found or not built by the last incremental link; performing full link
  md5_msvc.vcxproj -> C:\Users\Yongming Fan\Desktop\artifact\crypto_function\md5\md5_msvc\x64\Debug\md5_msvc.exe
